#
# There is insufficient memory for the Java Runtime Environment to continue.
# Native memory allocation (malloc) failed to allocate 1048576 bytes for AllocateHeap
# Possible reasons:
#   The system is out of physical RAM or swap space
#   The process is running with CompressedOops enabled, and the Java Heap may be blocking the growth of the native heap
# Possible solutions:
#   Reduce memory load on the system
#   Increase physical memory or swap space
#   Check if swap backing store is full
#   Decrease Java heap size (-Xmx/-Xms)
#   Decrease number of Java threads
#   Decrease Java thread stack sizes (-Xss)
#   Set larger code cache with -XX:ReservedCodeCacheSize=
#   JVM is running with Zero Based Compressed Oops mode in which the Java heap is
#     placed in the first 32GB address space. The Java Heap base address is the
#     maximum limit for the native heap growth. Please use -XX:HeapBaseMinAddress
#     to set the Java Heap base and to place the Java Heap above 32GB virtual address.
# This output file may be truncated or incomplete.
#
#  Out of Memory Error (memory/allocation.inline.hpp:61), pid=18624, tid=0x0000000000007c7c
#
# JRE version:  (8.0_381) (build )
# Java VM: Java HotSpot(TM) 64-Bit Server VM (25.381-b09 mixed mode windows-amd64 compressed oops)
# Failed to write core dump. Minidumps are not enabled by default on client versions of Windows
#

---------------  T H R E A D  ---------------

Current thread (0x0000020df002b800):  JavaThread "Unknown thread" [_thread_in_vm, id=31868, stack(0x0000003cc9800000,0x0000003cc9900000)]

Stack: [0x0000003cc9800000,0x0000003cc9900000]
Native frames: (J=compiled Java code, j=interpreted, Vv=VM code, C=native code)
V  [jvm.dll+0x353039]
V  [jvm.dll+0x290052]
V  [jvm.dll+0x290c1d]
V  [jvm.dll+0x285255]
V  [jvm.dll+0x502d]
V  [jvm.dll+0x3f0b9c]
V  [jvm.dll+0x3ecd67]
V  [jvm.dll+0x1058ff]
V  [jvm.dll+0x21b25b]
V  [jvm.dll+0x24c09a]
V  [jvm.dll+0x16d436]
C  [jli.dll+0x43c2]
C  [jli.dll+0x15f98]
C  [KERNEL32.DLL+0x2e8d7]
C  [ntdll.dll+0x8c40c]


---------------  P R O C E S S  ---------------

Java Threads: ( => current thread )

Other Threads:

=>0x0000020df002b800 (exited) JavaThread "Unknown thread" [_thread_in_vm, id=31868, stack(0x0000003cc9800000,0x0000003cc9900000)]

VM state:not at safepoint (normal execution)

VM Mutex/Monitor currently owned by a thread: None

heap address: 0x00000006c5200000, size: 4014 MB, Compressed Oops mode: Zero based, Oop shift amount: 3
Narrow klass base: 0x0000000000000000, Narrow klass shift: 3
Compressed class space size: 1073741824 Address: 0x00000007c0000000

Heap:
 PSYoungGen      total 2048K, used 30K [0x000000076c600000, 0x000000076c880000, 0x00000007c0000000)
  eden space 1536K, 2% used [0x000000076c600000,0x000000076c607af0,0x000000076c780000)
  from space 512K, 0% used [0x000000076c800000,0x000000076c800000,0x000000076c880000)
  to   space 512K, 0% used [0x000000076c780000,0x000000076c780000,0x000000076c800000)
 ParOldGen       total 5632K, used 0K [0x00000006c5200000, 0x00000006c5780000, 0x000000076c600000)
  object space 5632K, 0% used [0x00000006c5200000,0x00000006c5200000,0x00000006c5780000)
 Metaspace       used 775K, capacity 4480K, committed 4480K, reserved 1056768K
  class space    used 76K, capacity 384K, committed 384K, reserved 1048576K

Card table byte_map: [0x0000020df1de0000,0x0000020df25c0000] byte_map_base: 0x0000020dee7b7000

Marking Bits: (ParMarkBitMap*) 0x00007ffad3a16040
 Begin Bits: [0x0000020df2b00000, 0x0000020df69b8000)
 End Bits:   [0x0000020df69b8000, 0x0000020dfa870000)

Polling page: 0x0000020df0140000

CodeCache: size=245760Kb used=329Kb max_used=329Kb free=245430Kb
 bounds [0x0000020d80000000, 0x0000020d80270000, 0x0000020d8f000000]
 total_blobs=58 nmethods=0 adapters=38
 compilation: enabled

Compilation events (0 events):
No events

GC Heap History (0 events):
No events

Deoptimization events (0 events):
No events

Classes redefined (0 events):
No events

Internal exceptions (0 events):
No events

Events (10 events):
Event: 0.057 loading class java/lang/Short
Event: 0.057 loading class java/lang/Short done
Event: 0.057 loading class java/lang/Integer
Event: 0.057 loading class java/lang/Integer done
Event: 0.057 loading class java/lang/Long
Event: 0.057 loading class java/lang/Long done
Event: 0.059 loading class java/lang/NullPointerException
Event: 0.059 loading class java/lang/NullPointerException done
Event: 0.059 loading class java/lang/ArithmeticException
Event: 0.059 loading class java/lang/ArithmeticException done


Dynamic libraries:
0x00007ff65b6c0000 - 0x00007ff65b6c8000 	C:\Program Files\Java\jdk-1.8\bin\javac.exe
0x00007ffb8fa40000 - 0x00007ffb8fca8000 	C:\WINDOWS\SYSTEM32\ntdll.dll
0x00007ffb8e6e0000 - 0x00007ffb8e7a9000 	C:\WINDOWS\System32\KERNEL32.DLL
0x00007ffb8d050000 - 0x00007ffb8d441000 	C:\WINDOWS\System32\KERNELBASE.dll
0x00007ffb8cda0000 - 0x00007ffb8ceeb000 	C:\WINDOWS\System32\ucrtbase.dll
0x00007ffb5d720000 - 0x00007ffb5d763000 	C:\Program Files\Java\jdk-1.8\bin\jli.dll
0x00007ffb5e060000 - 0x00007ffb5e07b000 	C:\Program Files\Java\jdk-1.8\bin\VCRUNTIME140.dll
0x00007ffb8e7b0000 - 0x00007ffb8e864000 	C:\WINDOWS\System32\ADVAPI32.dll
0x00007ffb8e870000 - 0x00007ffb8e919000 	C:\WINDOWS\System32\msvcrt.dll
0x00007ffb8e390000 - 0x00007ffb8e436000 	C:\WINDOWS\System32\sechost.dll
0x00007ffb8e5c0000 - 0x00007ffb8e6d8000 	C:\WINDOWS\System32\RPCRT4.dll
0x00007ffb8e1c0000 - 0x00007ffb8e386000 	C:\WINDOWS\System32\USER32.dll
0x00007ffb8d450000 - 0x00007ffb8d477000 	C:\WINDOWS\System32\win32u.dll
0x00007ffb8e9e0000 - 0x00007ffb8ea0b000 	C:\WINDOWS\System32\GDI32.dll
0x00007ffb8d6b0000 - 0x00007ffb8d7db000 	C:\WINDOWS\System32\gdi32full.dll
0x00007ffb8cef0000 - 0x00007ffb8cf93000 	C:\WINDOWS\System32\msvcp_win.dll
0x00007ffb7ac50000 - 0x00007ffb7aee3000 	C:\WINDOWS\WinSxS\amd64_microsoft.windows.common-controls_6595b64144ccf1df_6.0.26100.7824_none_3e0870b2e3345462\COMCTL32.dll
0x00007ffb8ecc0000 - 0x00007ffb8ecf1000 	C:\WINDOWS\System32\IMM32.DLL
0x00007ffb5deb0000 - 0x00007ffb5decb000 	C:\Program Files\Java\jdk-1.8\jre\bin\vcruntime140.dll
0x00007ffb718f0000 - 0x00007ffb718fc000 	C:\Program Files\Java\jdk-1.8\jre\bin\vcruntime140_1.dll
0x00007ffb0da70000 - 0x00007ffb0dafe000 	C:\Program Files\Java\jdk-1.8\jre\bin\msvcp140.dll
0x00007ffad31e0000 - 0x00007ffad3a90000 	C:\Program Files\Java\jdk-1.8\jre\bin\server\jvm.dll
0x00007ffb8ea10000 - 0x00007ffb8ea18000 	C:\WINDOWS\System32\PSAPI.DLL
0x00007ffb79690000 - 0x00007ffb7969a000 	C:\WINDOWS\SYSTEM32\WSOCK32.dll
0x00007ffb8e540000 - 0x00007ffb8e5b4000 	C:\WINDOWS\System32\WS2_32.dll
0x00007ffb7a080000 - 0x00007ffb7a0b5000 	C:\WINDOWS\SYSTEM32\WINMM.dll
0x00007ffb80ff0000 - 0x00007ffb80ffb000 	C:\WINDOWS\SYSTEM32\VERSION.dll
0x00007ffb8b080000 - 0x00007ffb8b09b000 	C:\WINDOWS\SYSTEM32\kernel.appcore.dll
0x00007ffb718c0000 - 0x00007ffb718d0000 	C:\Program Files\Java\jdk-1.8\jre\bin\verify.dll
0x00007ffb45150000 - 0x00007ffb4517b000 	C:\Program Files\Java\jdk-1.8\jre\bin\java.dll
0x00007ffb5c120000 - 0x00007ffb5c138000 	C:\Program Files\Java\jdk-1.8\jre\bin\zip.dll
0x00007ffb8a130000 - 0x00007ffb8a372000 	C:\WINDOWS\SYSTEM32\dbghelp.dll
0x00007ffb8dae0000 - 0x00007ffb8de66000 	C:\WINDOWS\System32\combase.dll
0x00007ffb8dee0000 - 0x00007ffb8dfb7000 	C:\WINDOWS\System32\OLEAUT32.dll
0x00007ffb8cfa0000 - 0x00007ffb8d045000 	C:\WINDOWS\System32\bcryptPrimitives.dll

VM Arguments:
jvm_args: -Dapplication.home=C:\Program Files\Java\jdk-1.8 -Xms8m 
java_command: com.sun.tools.javac.Main -encoding UTF-8 -cp .;mysql-connector-j-8.0.33.jar *.java
java_class_path (initial): C:\Program Files\Java\jdk-1.8/lib/tools.jar;C:\Program Files\Java\jdk-1.8/classes
Launcher Type: SUN_STANDARD

Environment Variables:
JAVA_HOME=C:\Program Files\Java\jdk-1.8
PATH=D:\app\Dell\product\11.2.0\dbhome_1\bin;C:\Python312\Scripts\;C:\Python312\;C:\Program Files (x86)\Common Files\Oracle\Java\javapath;C:\WINDOWS\system32;C:\WINDOWS;C:\WINDOWS\System32\Wbem;C:\WINDOWS\System32\WindowsPowerShell\v1.0\;C:\WINDOWS\System32\OpenSSH\;C:\Program Files\Git\cmd;C:\Program Files\TortoiseGit\bin;C:\Program Files\Microsoft VS Code\bin;C:\Program Files\Intel\WiFi\bin\;C:\Program Files\Common Files\Intel\WirelessCommon\;C:\ProgramData\chocolatey\bin;D:\apache-maven-3.8.8\bin;C:\ffmpeg-master-latest-win64-gpl-shared\bin;C:\Program Files\Docker\Docker\resources\bin;C:\Windows\System32\Wbem;C:\rclone\rclone-v1.66.0-windows-amd64;C:\Program Files\dotnet\;C:\Program Files\Java\jdk-1.8\bin;C:\Users\Dell\AppData\Local\nvm;C:\nvm4w\nodejs;C:\Users\Dell\AppData\Local\Programs\Python\Python313\Scripts\;C:\Users\Dell\AppData\Local\Programs\Python\Python313\;C:\Users\Dell\AppData\Local\Microsoft\WindowsApps;C:\Program Files\JetBrains\IntelliJ IDEA 2019.3.4\bin;;C:\Program Files\Intel\WiFi\bin\;C:\Program Files\Common Files\Intel\WirelessCommon\;C:\Program Files (x86)\BrowserStackLocal\;C:\Users\Dell\AppData\Roaming\npm;C:\Program Files\Java\jdk-1.8\bin;C:\Users\Dell\AppData\Local\nvm;C:\nvm4w\nodejs;C:\Users\Dell\AppData\Local\Programs\Antigravity\bin
USERNAME=Dell
OS=Windows_NT
PROCESSOR_IDENTIFIER=Intel64 Family 6 Model 142 Stepping 12, GenuineIntel



---------------  S Y S T E M  ---------------

OS: Windows 11 , 64 bit Build 26100 (10.0.26100.7705)

CPU:total 8 (initial active 8) (4 cores per cpu, 2 threads per core) family 6 model 142 stepping 12, cmov, cx8, fxsr, mmx, sse, sse2, sse3, ssse3, sse4.1, sse4.2, popcnt, avx, avx2, aes, clmul, erms, 3dnowpref, lzcnt, ht, tsc, tscinvbit, bmi1, bmi2, adx

Memory: 4k page, physical 16436184k(1009432k free), swap 38060688k(4712k free)

vm_info: Java HotSpot(TM) 64-Bit Server VM (25.381-b09) for windows-amd64 JRE (1.8.0_381-b09), built on Jun 14 2023 13:50:38 by "java_re" with MS VC++ 17.1 (VS2022)

time: Sun Feb 22 22:35:41 2026
timezone: Egypt Standard Time
elapsed time: 0.149690 seconds (0d 0h 0m 0s)

