#
# There is insufficient memory for the Java Runtime Environment to continue.
# Native memory allocation (malloc) failed to allocate 1048576 bytes for AllocateHeap
# Possible reasons:
#   The system is out of physical RAM or swap space
#   The process is running with CompressedOops enabled, and the Java Heap may be blocking the growth of the native heap
# Possible solutions:
#   Reduce memory load on the system
#   Increase physical memory or swap space
#   Check if swap backing store is full
#   Decrease Java heap size (-Xmx/-Xms)
#   Decrease number of Java threads
#   Decrease Java thread stack sizes (-Xss)
#   Set larger code cache with -XX:ReservedCodeCacheSize=
#   JVM is running with Zero Based Compressed Oops mode in which the Java heap is
#     placed in the first 32GB address space. The Java Heap base address is the
#     maximum limit for the native heap growth. Please use -XX:HeapBaseMinAddress
#     to set the Java Heap base and to place the Java Heap above 32GB virtual address.
# This output file may be truncated or incomplete.
#
#  Out of Memory Error (memory/allocation.inline.hpp:61), pid=25244, tid=0x0000000000005d3c
#
# JRE version:  (8.0_381) (build )
# Java VM: Java HotSpot(TM) 64-Bit Server VM (25.381-b09 mixed mode windows-amd64 compressed oops)
# Failed to write core dump. Minidumps are not enabled by default on client versions of Windows
#

---------------  T H R E A D  ---------------

Current thread (0x000002ba2add8000):  JavaThread "Unknown thread" [_thread_in_vm, id=23868, stack(0x000000f3ddf00000,0x000000f3de000000)]

Stack: [0x000000f3ddf00000,0x000000f3de000000]
Native frames: (J=compiled Java code, j=interpreted, Vv=VM code, C=native code)
V  [jvm.dll+0x353039]
V  [jvm.dll+0x290052]
V  [jvm.dll+0x290c1d]
V  [jvm.dll+0x285255]
V  [jvm.dll+0x502d]
V  [jvm.dll+0x3f0b9c]
V  [jvm.dll+0x3ecd67]
V  [jvm.dll+0x1058ff]
V  [jvm.dll+0x21b25b]
V  [jvm.dll+0x24c09a]
V  [jvm.dll+0x16d436]
C  [java.exe+0x2412]
C  [java.exe+0x165e0]
C  [KERNEL32.DLL+0x2e8d7]
C  [ntdll.dll+0x8d9c]


---------------  P R O C E S S  ---------------

Java Threads: ( => current thread )

Other Threads:

=>0x000002ba2add8000 (exited) JavaThread "Unknown thread" [_thread_in_vm, id=23868, stack(0x000000f3ddf00000,0x000000f3de000000)]

VM state:not at safepoint (normal execution)

VM Mutex/Monitor currently owned by a thread: None

heap address: 0x00000006c5200000, size: 4014 MB, Compressed Oops mode: Zero based, Oop shift amount: 3
Narrow klass base: 0x0000000000000000, Narrow klass shift: 3
Compressed class space size: 1073741824 Address: 0x00000007c0000000

Heap:
 PSYoungGen      total 75264K, used 1290K [0x000000076c600000, 0x0000000771a00000, 0x00000007c0000000)
  eden space 64512K, 2% used [0x000000076c600000,0x000000076c742900,0x0000000770500000)
  from space 10752K, 0% used [0x0000000770f80000,0x0000000770f80000,0x0000000771a00000)
  to   space 10752K, 0% used [0x0000000770500000,0x0000000770500000,0x0000000770f80000)
 ParOldGen       total 172032K, used 0K [0x00000006c5200000, 0x00000006cfa00000, 0x000000076c600000)
  object space 172032K, 0% used [0x00000006c5200000,0x00000006c5200000,0x00000006cfa00000)
 Metaspace       used 751K, capacity 4480K, committed 4480K, reserved 1056768K
  class space    used 76K, capacity 384K, committed 384K, reserved 1048576K

Card table byte_map: [0x000002ba3bbf0000,0x000002ba3c3d0000] byte_map_base: 0x000002ba385c7000

Marking Bits: (ParMarkBitMap*) 0x00007ffea4786040
 Begin Bits: [0x000002ba3c910000, 0x000002ba407c8000)
 End Bits:   [0x000002ba407c8000, 0x000002ba44680000)

Polling page: 0x000002ba2afd0000

CodeCache: size=245760Kb used=329Kb max_used=329Kb free=245430Kb
 bounds [0x000002ba2c830000, 0x000002ba2caa0000, 0x000002ba3b830000]
 total_blobs=58 nmethods=0 adapters=38
 compilation: enabled

Compilation events (0 events):
No events

GC Heap History (0 events):
No events

Deoptimization events (0 events):
No events

Classes redefined (0 events):
No events

Internal exceptions (0 events):
No events

Events (10 events):
Event: 0.031 loading class java/lang/Short
Event: 0.031 loading class java/lang/Short done
Event: 0.031 loading class java/lang/Integer
Event: 0.031 loading class java/lang/Integer done
Event: 0.031 loading class java/lang/Long
Event: 0.031 loading class java/lang/Long done
Event: 0.032 loading class java/lang/NullPointerException
Event: 0.032 loading class java/lang/NullPointerException done
Event: 0.032 loading class java/lang/ArithmeticException
Event: 0.032 loading class java/lang/ArithmeticException done


Dynamic libraries:
0x00007ff7e1800000 - 0x00007ff7e184a000 	C:\Program Files (x86)\Common Files\Oracle\Java\javapath\java.exe
0x00007fff33fa0000 - 0x00007fff34209000 	C:\WINDOWS\SYSTEM32\ntdll.dll
0x00007fff335c0000 - 0x00007fff33689000 	C:\WINDOWS\System32\KERNEL32.DLL
0x00007fff31620000 - 0x00007fff31a13000 	C:\WINDOWS\System32\KERNELBASE.dll
0x00007fff32d40000 - 0x00007fff32df4000 	C:\WINDOWS\System32\ADVAPI32.dll
0x00007fff32250000 - 0x00007fff322f9000 	C:\WINDOWS\System32\msvcrt.dll
0x00007fff33d80000 - 0x00007fff33e26000 	C:\WINDOWS\System32\sechost.dll
0x00007fff33860000 - 0x00007fff33978000 	C:\WINDOWS\System32\RPCRT4.dll
0x00007fff32300000 - 0x00007fff324c4000 	C:\WINDOWS\System32\USER32.dll
0x00007fff31130000 - 0x00007fff31157000 	C:\WINDOWS\System32\win32u.dll
0x00007fff33280000 - 0x00007fff332ab000 	C:\WINDOWS\System32\GDI32.dll
0x00007fff31c40000 - 0x00007fff31d6d000 	C:\WINDOWS\System32\gdi32full.dll
0x00007fff31370000 - 0x00007fff31413000 	C:\WINDOWS\System32\msvcp_win.dll
0x00007fff31160000 - 0x00007fff312ab000 	C:\WINDOWS\System32\ucrtbase.dll
0x00007fff1de60000 - 0x00007fff1e0f3000 	C:\WINDOWS\WinSxS\amd64_microsoft.windows.common-controls_6595b64144ccf1df_6.0.26100.5074_none_3e0d6f78e32fd63f\COMCTL32.dll
0x00007fff31d70000 - 0x00007fff31d9f000 	C:\WINDOWS\System32\IMM32.DLL
0x00007fff23980000 - 0x00007fff2399b000 	C:\Program Files\Java\jre-1.8\bin\vcruntime140.dll
0x00007fff25150000 - 0x00007fff2515c000 	C:\Program Files\Java\jre-1.8\bin\vcruntime140_1.dll
0x00007ffed46b0000 - 0x00007ffed473e000 	C:\Program Files\Java\jre-1.8\bin\msvcp140.dll
0x00007ffea3f50000 - 0x00007ffea4800000 	C:\Program Files\Java\jre-1.8\bin\server\jvm.dll
0x00007fff33450000 - 0x00007fff33458000 	C:\WINDOWS\System32\PSAPI.DLL
0x00007fff224e0000 - 0x00007fff22515000 	C:\WINDOWS\SYSTEM32\WINMM.dll
0x00007fff15200000 - 0x00007fff1520a000 	C:\WINDOWS\SYSTEM32\WSOCK32.dll
0x00007fff22520000 - 0x00007fff2252b000 	C:\WINDOWS\SYSTEM32\VERSION.dll
0x00007fff337e0000 - 0x00007fff33854000 	C:\WINDOWS\System32\WS2_32.dll
0x00007fff2fed0000 - 0x00007fff2feeb000 	C:\WINDOWS\SYSTEM32\kernel.appcore.dll
0x00007fff23970000 - 0x00007fff23980000 	C:\Program Files\Java\jre-1.8\bin\verify.dll
0x00007fff20a30000 - 0x00007fff20a5b000 	C:\Program Files\Java\jre-1.8\bin\java.dll
0x00007fff1d710000 - 0x00007fff1d728000 	C:\Program Files\Java\jre-1.8\bin\zip.dll
0x00007fff2e790000 - 0x00007fff2e9d2000 	C:\WINDOWS\SYSTEM32\dbghelp.dll
0x00007fff33980000 - 0x00007fff33cfb000 	C:\WINDOWS\System32\combase.dll
0x00007fff32e00000 - 0x00007fff32ed7000 	C:\WINDOWS\System32\OLEAUT32.dll
0x00007fff31a20000 - 0x00007fff31ab9000 	C:\WINDOWS\System32\bcryptPrimitives.dll

VM Arguments:
java_command: JobImporterApp
java_class_path (initial): .;mysql-connector-j-8.0.33.jar
Launcher Type: SUN_STANDARD

Environment Variables:
JAVA_HOME=C:\Program Files\Java\jdk-1.8
PATH=D:\app\Dell\product\11.2.0\dbhome_1\bin;C:\Python312\Scripts\;C:\Python312\;C:\Program Files (x86)\Common Files\Oracle\Java\javapath;C:\WINDOWS\system32;C:\WINDOWS;C:\WINDOWS\System32\Wbem;C:\WINDOWS\System32\WindowsPowerShell\v1.0\;C:\WINDOWS\System32\OpenSSH\;C:\Program Files\Git\cmd;C:\Program Files\TortoiseGit\bin;C:\Program Files\Microsoft VS Code\bin;C:\Program Files\Intel\WiFi\bin\;C:\Program Files\Common Files\Intel\WirelessCommon\;C:\Program Files\nodejs\;C:\ProgramData\chocolatey\bin;D:\apache-maven-3.8.8\bin;C:\ffmpeg-master-latest-win64-gpl-shared\bin;C:\Program Files\Docker\Docker\resources\bin;C:\Windows\System32\Wbem;C:\rclone\rclone-v1.66.0-windows-amd64;C:\Program Files\dotnet\;C:\Program Files\Java\jdk-1.8\bin;C:\Users\Dell\AppData\Local\Microsoft\WindowsApps;C:\Program Files\JetBrains\IntelliJ IDEA 2019.3.4\bin;;C:\Program Files\Intel\WiFi\bin\;C:\Program Files\Common Files\Intel\WirelessCommon\;C:\Program Files (x86)\BrowserStackLocal\;C:\Users\Dell\AppData\Roaming\npm;C:\Program Files\Java\jdk-1.8\bin;
USERNAME=Dell
OS=Windows_NT
PROCESSOR_IDENTIFIER=Intel64 Family 6 Model 142 Stepping 12, GenuineIntel



---------------  S Y S T E M  ---------------

OS: Windows 11 , 64 bit Build 26100 (10.0.26100.5074)

CPU:total 8 (initial active 8) (4 cores per cpu, 2 threads per core) family 6 model 142 stepping 12, cmov, cx8, fxsr, mmx, sse, sse2, sse3, ssse3, sse4.1, sse4.2, popcnt, avx, avx2, aes, clmul, erms, 3dnowpref, lzcnt, ht, tsc, tscinvbit, bmi1, bmi2, adx

Memory: 4k page, physical 16436184k(636760k free), swap 42715036k(7772k free)

vm_info: Java HotSpot(TM) 64-Bit Server VM (25.381-b09) for windows-amd64 JRE (1.8.0_381-b09), built on Jun 14 2023 13:50:38 by "java_re" with MS VC++ 17.1 (VS2022)

time: Tue Sep 23 16:34:35 2025
timezone: Egypt Daylight Time
elapsed time: 0.173076 seconds (0d 0h 0m 0s)

