================================================== 
­čöü [START] File Move Process - 2025-07-08 21:49:30.53 
================================================== 
[SKIP] No target char in "C:\rclone\rclone-v1.66.0-windows-amd64\New folder\105Ôľł4551ÔľłresultsÔľł20250707Ôľł_keywords=%23immediate&origin=HASH_TAG_FROM_FEED&sid=-vÔľłV8.2Ôľł.txt", skipped 
[SKIP] No target char in "C:\rclone\rclone-v1.66.0-windows-amd64\New folder\116Ôľł7280ÔľłresultsÔľł20250707Ôľł_keywords=%23immediate&origin=HASH_TAG_FROM_FEED&sid=-vÔľłV8.2Ôľł.txt", skipped 
[SKIP] No target char in "C:\rclone\rclone-v1.66.0-windows-amd64\New folder\127Ôľł4793ÔľłresultsÔľł20250707Ôľł_keywords=%23immediate&origin=HASH_TAG_FROM_FEED&sid=-vÔľłV8.2Ôľł.txt", skipped 
[SKIP] No target char in "C:\rclone\rclone-v1.66.0-windows-amd64\New folder\12Ôľł1895ÔľłresultsÔľł20250707Ôľł_keywords=%23experience&origin=GLOBAL_SEARCH_HEADER&sid=AjÔľłV8.2Ôľł.txt", skipped 
[SKIP] No target char in "C:\rclone\rclone-v1.66.0-windows-amd64\New folder\12Ôľł4885ÔľłresultsÔľł20250707Ôľł_keywords=%23Role&origin=GLOBAL_SEARCH_HEADER&sid=d7ÔľłV8.2Ôľł.txt", skipped 
[SKIP] No target char in "C:\rclone\rclone-v1.66.0-windows-amd64\New folder\12Ôľł6960ÔľłresultsÔľł20250707Ôľł_keywords=%23immediate&origin=HASH_TAG_FROM_FEED&sid=-vÔľłV8.2Ôľł.txt", skipped 
[SKIP] No target char in "C:\rclone\rclone-v1.66.0-windows-amd64\New folder\131Ôľł4188ÔľłresultsÔľł20250707Ôľł_keywords=%23immediate&origin=HASH_TAG_FROM_FEED&sid=-vÔľłV8.2Ôľł.txt", skipped 
[SKIP] No target char in "C:\rclone\rclone-v1.66.0-windows-amd64\New folder\131Ôľł5385ÔľłresultsÔľł20250707Ôľł_keywords=%23immediate&origin=HASH_TAG_FROM_FEED&sid=-vÔľłV8.2Ôľł.txt", skipped 
[SKIP] No target char in "C:\rclone\rclone-v1.66.0-windows-amd64\New folder\13Ôľł1577ÔľłresultsÔľł20250707Ôľł_keywords=%23immediate&origin=HASH_TAG_FROM_FEED&sid=-vÔľłV8.2Ôľł.txt", skipped 
[SKIP] No target char in "C:\rclone\rclone-v1.66.0-windows-amd64\New folder\13Ôľł2660ÔľłresultsÔľł20250707Ôľł_keywords=%23location&origin=GLOBAL_SEARCH_HEADER&sid=yeÔľłV8.2Ôľł.txt", skipped 
[SKIP] No target char in "C:\rclone\rclone-v1.66.0-windows-amd64\New folder\13Ôľł3617ÔľłresultsÔľł20250708Ôľł_keywords=%23sapjobsindia&origin=GLOBAL_SEARCH_HEADER&sid=%40%2CÔľłV8.2Ôľł.txt", skipped 
[SKIP] No target char in "C:\rclone\rclone-v1.66.0-windows-amd64\New folder\13Ôľł6050ÔľłresultsÔľł20250707Ôľł_keywords=%23helpforjob&origin=GLOBAL_SEARCH_HEADER&sid=vQÔľłV8.2Ôľł.txt", skipped 
[SKIP] No target char in "C:\rclone\rclone-v1.66.0-windows-amd64\New folder\14Ôľł2648ÔľłresultsÔľł20250708Ôľł_keywords=%23hiring_alert&origin=GLOBAL_SEARCH_HEADER&sid=DFÔľłV8.2Ôľł.txt", skipped 
[SKIP] No target char in "C:\rclone\rclone-v1.66.0-windows-amd64\New folder\14Ôľł8484ÔľłresultsÔľł20250707Ôľł_keywords=%23frontendtechnologies&origin=GLOBAL_SEARCH_HEADER&sid=(eÔľłV8.2Ôľł.txt", skipped 
[SKIP] No target char in "C:\rclone\rclone-v1.66.0-windows-amd64\New folder\18Ôľł4255ÔľłresultsÔľł20250707Ôľł_keywords=%23helpforjob&origin=GLOBAL_SEARCH_HEADER&sid=vQÔľłV8.2Ôľł.txt", skipped 
[SKIP] No target char in "C:\rclone\rclone-v1.66.0-windows-amd64\New folder\18Ôľł6009ÔľłresultsÔľł20250707Ôľł_keywords=%23experience&origin=GLOBAL_SEARCH_HEADER&sid=AjÔľłV8.2Ôľł.txt", skipped 
[SKIP] No target char in "C:\rclone\rclone-v1.66.0-windows-amd64\New folder\18Ôľł6565ÔľłresultsÔľł20250707Ôľł_keywords=%23experience&origin=GLOBAL_SEARCH_HEADER&sid=AjÔľłV8.2Ôľł.txt", skipped 
[SKIP] No target char in "C:\rclone\rclone-v1.66.0-windows-amd64\New folder\18Ôľł9194ÔľłresultsÔľł20250707Ôľł_keywords=%23helpforjob&origin=GLOBAL_SEARCH_HEADER&sid=vQÔľłV8.2Ôľł.txt", skipped 
[SKIP] No target char in "C:\rclone\rclone-v1.66.0-windows-amd64\New folder\20Ôľł5560ÔľłresultsÔľł20250707Ôľł_keywords=%23Role&origin=GLOBAL_SEARCH_HEADER&sid=d7ÔľłV8.2Ôľł.txt", skipped 
[SKIP] No target char in "C:\rclone\rclone-v1.66.0-windows-amd64\New folder\21Ôľł4033ÔľłresultsÔľł20250708Ôľł_keywords=%23sapjobsindia&origin=GLOBAL_SEARCH_HEADER&sid=%40%2CÔľłV8.2Ôľł.txt", skipped 
[SKIP] No target char in "C:\rclone\rclone-v1.66.0-windows-amd64\New folder\23Ôľł0151ÔľłresultsÔľł20250708Ôľł_keywords=%23sapjobsindia&origin=GLOBAL_SEARCH_HEADER&sid=%40%2CÔľłV8.2Ôľł.txt", skipped 
[SKIP] No target char in "C:\rclone\rclone-v1.66.0-windows-amd64\New folder\25Ôľł3511ÔľłresultsÔľł20250707Ôľł_keywords=%23location&origin=GLOBAL_SEARCH_HEADER&sid=yeÔľłV8.2Ôľł.txt", skipped 
[SKIP] No target char in "C:\rclone\rclone-v1.66.0-windows-amd64\New folder\27Ôľł4959ÔľłresultsÔľł20250707Ôľł_keywords=%23immediate&origin=HASH_TAG_FROM_FEED&sid=-vÔľłV8.2Ôľł.txt", skipped 
[SKIP] No target char in "C:\rclone\rclone-v1.66.0-windows-amd64\New folder\28Ôľł2208ÔľłresultsÔľł20250708Ôľł_keywords=%23hiring_alert&origin=GLOBAL_SEARCH_HEADER&sid=DFÔľłV8.2Ôľł.txt", skipped 
[SKIP] No target char in "C:\rclone\rclone-v1.66.0-windows-amd64\New folder\28Ôľł6163ÔľłresultsÔľł20250707Ôľł_keywords=%23immediate&origin=HASH_TAG_FROM_FEED&sid=-vÔľłV8.2Ôľł.txt", skipped 
[SKIP] No target char in "C:\rclone\rclone-v1.66.0-windows-amd64\New folder\28Ôľł9500ÔľłresultsÔľł20250707Ôľł_keywords=%23frontendtechnologies&origin=GLOBAL_SEARCH_HEADER&sid=(eÔľłV8.2Ôľł.txt", skipped 
[SKIP] No target char in "C:\rclone\rclone-v1.66.0-windows-amd64\New folder\2Ôľł1924ÔľłresultsÔľł20250704Ôľł_keywords=%23socialentrepreneurship&origin=HASH_TAG_FROM_FEED&sid=V%40ÔľłV8.2Ôľł.txt", skipped 
[SKIP] No target char in "C:\rclone\rclone-v1.66.0-windows-amd64\New folder\2Ôľł1965ÔľłresultsÔľł20250704Ôľł_keywords=%23socialentrepreneurship&origin=HASH_TAG_FROM_FEED&sid=V%40ÔľłV8.2Ôľł.txt", skipped 
[SKIP] No target char in "C:\rclone\rclone-v1.66.0-windows-amd64\New folder\2Ôľł3297ÔľłresultsÔľł20250704Ôľł_keywords=%23socialentrepreneurship&origin=HASH_TAG_FROM_FEED&sid=V%40ÔľłV8.2Ôľł.txt", skipped 
[SKIP] No target char in "C:\rclone\rclone-v1.66.0-windows-amd64\New folder\31Ôľł7542ÔľłresultsÔľł20250707Ôľł_keywords=%23location&origin=GLOBAL_SEARCH_HEADER&sid=yeÔľłV8.2Ôľł.txt", skipped 
[SKIP] No target char in "C:\rclone\rclone-v1.66.0-windows-amd64\New folder\39Ôľł0713ÔľłresultsÔľł20250707Ôľł_keywords=%23immediate&origin=HASH_TAG_FROM_FEED&sid=-vÔľłV8.2Ôľł.txt", skipped 
[SKIP] No target char in "C:\rclone\rclone-v1.66.0-windows-amd64\New folder\40Ôľł2494ÔľłresultsÔľł20250707Ôľł_keywords=%23immediate&origin=HASH_TAG_FROM_FEED&sid=-vÔľłV8.2Ôľł.txt", skipped 
[SKIP] No target char in "C:\rclone\rclone-v1.66.0-windows-amd64\New folder\42Ôľł4648ÔľłresultsÔľł20250708Ôľł_keywords=%23hiring_alert&origin=GLOBAL_SEARCH_HEADER&sid=DFÔľłV8.2Ôľł.txt", skipped 
[SKIP] No target char in "C:\rclone\rclone-v1.66.0-windows-amd64\New folder\43Ôľł4489ÔľłresultsÔľł20250707Ôľł_keywords=%23frontendtechnologies&origin=GLOBAL_SEARCH_HEADER&sid=(eÔľłV8.2Ôľł.txt", skipped 
[SKIP] No target char in "C:\rclone\rclone-v1.66.0-windows-amd64\New folder\51Ôľł1114ÔľłresultsÔľł20250707Ôľł_keywords=%23immediate&origin=HASH_TAG_FROM_FEED&sid=-vÔľłV8.2Ôľł.txt", skipped 
[SKIP] No target char in "C:\rclone\rclone-v1.66.0-windows-amd64\New folder\52Ôľł4241ÔľłresultsÔľł20250707Ôľł_keywords=%23immediate&origin=HASH_TAG_FROM_FEED&sid=-vÔľłV8.2Ôľł.txt", skipped 
[SKIP] No target char in "C:\rclone\rclone-v1.66.0-windows-amd64\New folder\52Ôľł9039ÔľłresultsÔľł20250708Ôľł_keywords=%23hiring_alert&origin=GLOBAL_SEARCH_HEADER&sid=DFÔľłV8.2Ôľł.txt", skipped 
[SKIP] No target char in "C:\rclone\rclone-v1.66.0-windows-amd64\New folder\57Ôľł7464ÔľłresultsÔľł20250707Ôľł_keywords=%23frontendtechnologies&origin=GLOBAL_SEARCH_HEADER&sid=(eÔľłV8.2Ôľł.txt", skipped 
[SKIP] No target char in "C:\rclone\rclone-v1.66.0-windows-amd64\New folder\63Ôľł3329ÔľłresultsÔľł20250707Ôľł_keywords=%23immediate&origin=HASH_TAG_FROM_FEED&sid=-vÔľłV8.2Ôľł.txt", skipped 
[SKIP] No target char in "C:\rclone\rclone-v1.66.0-windows-amd64\New folder\67Ôľł1953ÔľłresultsÔľł20250707Ôľł_keywords=%23immediate&origin=HASH_TAG_FROM_FEED&sid=-vÔľłV8.2Ôľł.txt", skipped 
[SKIP] No target char in "C:\rclone\rclone-v1.66.0-windows-amd64\New folder\69Ôľł6023ÔľłresultsÔľł20250707Ôľł_keywords=%23frontendtechnologies&origin=GLOBAL_SEARCH_HEADER&sid=(eÔľłV8.2Ôľł.txt", skipped 
[SKIP] No target char in "C:\rclone\rclone-v1.66.0-windows-amd64\New folder\72Ôľł8476ÔľłresultsÔľł20250707Ôľł_keywords=%23immediate&origin=HASH_TAG_FROM_FEED&sid=-vÔľłV8.2Ôľł.txt", skipped 
[SKIP] No target char in "C:\rclone\rclone-v1.66.0-windows-amd64\New folder\78Ôľł1239ÔľłresultsÔľł20250707Ôľł_keywords=%23immediate&origin=HASH_TAG_FROM_FEED&sid=-vÔľłV8.2Ôľł.txt", skipped 
[SKIP] No target char in "C:\rclone\rclone-v1.66.0-windows-amd64\New folder\83Ôľł2438ÔľłresultsÔľł20250707Ôľł_keywords=%23frontendtechnologies&origin=GLOBAL_SEARCH_HEADER&sid=(eÔľłV8.2Ôľł.txt", skipped 
[SKIP] No target char in "C:\rclone\rclone-v1.66.0-windows-amd64\New folder\83Ôľł4228ÔľłresultsÔľł20250707Ôľł_keywords=%23frontendtechnologies&origin=GLOBAL_SEARCH_HEADER&sid=(eÔľłV8.2Ôľł.txt", skipped 
[SKIP] No target char in "C:\rclone\rclone-v1.66.0-windows-amd64\New folder\83Ôľł7268ÔľłresultsÔľł20250707Ôľł_keywords=%23frontendtechnologies&origin=GLOBAL_SEARCH_HEADER&sid=(eÔľłV8.2Ôľł.txt", skipped 
[SKIP] No target char in "C:\rclone\rclone-v1.66.0-windows-amd64\New folder\87Ôľł8786ÔľłresultsÔľł20250707Ôľł_keywords=%23frontendtechnologies&origin=GLOBAL_SEARCH_HEADER&sid=(eÔľłV8.2Ôľł.txt", skipped 
[SKIP] No target char in "C:\rclone\rclone-v1.66.0-windows-amd64\New folder\90Ôľł8685ÔľłresultsÔľł20250707Ôľł_keywords=%23immediate&origin=HASH_TAG_FROM_FEED&sid=-vÔľłV8.2Ôľł.txt", skipped 
================================================== 
­čöü [END] Process Finished - 2025-07-08 21:49:32.50 
================================================== 
